<?xml version="1.0" encoding="UTF-8"?>
<testsuites>
  <testsuite name="fastlane.lanes">
    
    
    
      
      <testcase classname="fastlane.lanes" name="0: default_platform" time="0.0012579">
        
      </testcase>
    
      
      <testcase classname="fastlane.lanes" name="1: flutter clean" time="3.2697388">
        
      </testcase>
    
      
      <testcase classname="fastlane.lanes" name="2: flutter build apk --release" time="123.6826929">
        
          <failure message="C:/Users/abdof/.local/share/gem/ruby/3.4.0/gems/fastlane-2.230.0/fastlane/lib/fastlane/actions/actions_helper.rb:67:in &apos;Fastlane::Actions.execute_action&apos;&#10;C:/Users/abdof/.local/share/gem/ruby/3.4.0/gems/fastlane-2.230.0/fastlane/lib/fastlane/fast_file.rb:224:in &apos;Fastlane::FastFile.sh&apos;&#10;C:/Users/abdof/.local/share/gem/ruby/3.4.0/gems/fastlane-2.230.0/fastlane/lib/fastlane/fast_file.rb:216:in &apos;Fastlane::FastFile#sh&apos;&#10;Fastfile:7:in &apos;block (2 levels) in Fastlane::FastFile#parsing_binding&apos;&#10;C:/Users/abdof/.local/share/gem/ruby/3.4.0/gems/fastlane-2.230.0/fastlane/lib/fastlane/lane.rb:41:in &apos;Fastlane::Lane#call&apos;&#10;C:/Users/abdof/.local/share/gem/ruby/3.4.0/gems/fastlane-2.230.0/fastlane/lib/fastlane/runner.rb:49:in &apos;block in Fastlane::Runner#execute&apos;&#10;C:/Users/abdof/.local/share/gem/ruby/3.4.0/gems/fastlane-2.230.0/fastlane/lib/fastlane/runner.rb:45:in &apos;Dir.chdir&apos;&#10;C:/Users/abdof/.local/share/gem/ruby/3.4.0/gems/fastlane-2.230.0/fastlane/lib/fastlane/runner.rb:45:in &apos;Fastlane::Runner#execute&apos;&#10;C:/Users/abdof/.local/share/gem/ruby/3.4.0/gems/fastlane-2.230.0/fastlane/lib/fastlane/lane_manager.rb:46:in &apos;Fastlane::LaneManager.cruise_lane&apos;&#10;C:/Users/abdof/.local/share/gem/ruby/3.4.0/gems/fastlane-2.230.0/fastlane/lib/fastlane/command_line_handler.rb:34:in &apos;Fastlane::CommandLineHandler.handle&apos;&#10;C:/Users/abdof/.local/share/gem/ruby/3.4.0/gems/fastlane-2.230.0/fastlane/lib/fastlane/commands_generator.rb:110:in &apos;block (2 levels) in Fastlane::CommandsGenerator#run&apos;&#10;C:/Users/abdof/.local/share/gem/ruby/3.4.0/gems/commander-4.6.0/lib/commander/command.rb:187:in &apos;Commander::Command#call&apos;&#10;C:/Users/abdof/.local/share/gem/ruby/3.4.0/gems/commander-4.6.0/lib/commander/command.rb:157:in &apos;Commander::Command#run&apos;&#10;C:/Users/abdof/.local/share/gem/ruby/3.4.0/gems/commander-4.6.0/lib/commander/runner.rb:444:in &apos;Commander::Runner#run_active_command&apos;&#10;C:/Users/abdof/.local/share/gem/ruby/3.4.0/gems/fastlane-2.230.0/fastlane_core/lib/fastlane_core/ui/fastlane_runner.rb:124:in &apos;Commander::Runner#run!&apos;&#10;C:/Users/abdof/.local/share/gem/ruby/3.4.0/gems/commander-4.6.0/lib/commander/delegates.rb:18:in &apos;Commander::Delegates#run!&apos;&#10;C:/Users/abdof/.local/share/gem/ruby/3.4.0/gems/fastlane-2.230.0/fastlane/lib/fastlane/commands_generator.rb:363:in &apos;Fastlane::CommandsGenerator#run&apos;&#10;C:/Users/abdof/.local/share/gem/ruby/3.4.0/gems/fastlane-2.230.0/fastlane/lib/fastlane/commands_generator.rb:43:in &apos;Fastlane::CommandsGenerator.start&apos;&#10;C:/Users/abdof/.local/share/gem/ruby/3.4.0/gems/fastlane-2.230.0/fastlane/lib/fastlane/cli_tools_distributor.rb:123:in &apos;Fastlane::CLIToolsDistributor.take_off&apos;&#10;C:/Users/abdof/.local/share/gem/ruby/3.4.0/gems/fastlane-2.230.0/bin/fastlane:23:in &apos;&lt;top (required)&gt;&apos;&#10;C:/Users/abdof/AppData/Local/Microsoft/WindowsApps/fastlane:25:in &apos;Kernel#load&apos;&#10;C:/Users/abdof/AppData/Local/Microsoft/WindowsApps/fastlane:25:in &apos;&lt;main&gt;&apos;&#10;&#10;Exit status of command &apos;flutter build apk --release&apos; was 1 instead of 0.&#10;Changing current working directory to: D:\iti\dart-Iti\final_grad\ITI_Final_Project&#10;Resolving dependencies...&#10;Downloading packages...&#10;  _fe_analyzer_shared 88.0.0 (92.0.0 available)&#10;  analyzer 8.1.1 (9.0.0 available)&#10;  bloc 9.1.0 (9.2.0 available)&#10;  characters 1.4.0 (1.4.1 available)&#10;  dart_style 3.1.2 (3.1.3 available)&#10;  dio_cache_interceptor 3.5.1 (4.0.5 available)&#10;  dio_cache_interceptor_hive_store 4.0.0 (discontinued replaced by http_cache_hive_store)&#10;  file_selector_macos 0.9.4+4 (0.9.5 available)&#10;  flutter_lints 5.0.0 (6.0.0 available)&#10;  flutter_plugin_android_lifecycle 2.0.31 (2.0.33 available)&#10;  flutter_stripe 9.6.0 (12.1.1 available)&#10;  font_awesome_flutter 10.9.1 (10.12.0 available)&#10;  freezed_annotation 2.4.4 (3.1.0 available)&#10;  get_it 8.3.0 (9.2.0 available)&#10;  google_fonts 6.3.2 (6.3.3 available)&#10;  google_maps_flutter_android 2.18.3 (2.18.6 available)&#10;  image_picker_android 0.8.13+1 (0.8.13+10 available)&#10;  image_picker_ios 0.8.13 (0.8.13+3 available)&#10;  image_picker_macos 0.2.2 (0.2.2+1 available)&#10;  json_serializable 6.11.2 (6.11.3 available)&#10;  leak_tracker 10.0.9 (11.0.2 available)&#10;  leak_tracker_flutter_testing 3.0.9 (3.0.10 available)&#10;  leak_tracker_testing 3.0.1 (3.0.2 available)&#10;  lints 5.1.1 (6.0.0 available)&#10;  lottie 3.3.1 (3.3.2 available)&#10;  matcher 0.12.17 (0.12.18 available)&#10;  material_color_utilities 0.11.1 (0.13.0 available)&#10;  meta 1.16.0 (1.17.0 available)&#10;  package_info_plus 8.3.1 (9.0.0 available)&#10;  path_provider_android 2.2.19 (2.2.22 available)&#10;  path_provider_foundation 2.4.2 (2.5.1 available)&#10;  remix_icons_flutter 4.7.0 (4.8.0 available)&#10;  shared_preferences 2.5.3 (2.5.4 available)&#10;  shared_preferences_android 2.4.13 (2.4.18 available)&#10;  shared_preferences_foundation 2.5.4 (2.5.6 available)&#10;  source_helper 1.3.8 (1.3.9 available)&#10;  stripe_android 9.6.0+2 (12.1.0 available)&#10;  stripe_ios 9.6.0 (12.1.0 available)&#10;  stripe_platform_interface 9.6.0 (12.1.1 available)&#10;  test_api 0.7.4 (0.7.8 available)&#10;  vector_math 2.1.4 (2.2.0 available)&#10;  vm_service 15.0.0 (15.0.2 available)&#10;  webview_flutter_android 4.10.1 (4.10.11 available)&#10;  webview_flutter_wkwebview 3.23.0 (3.23.5 available)&#10;Got dependencies!&#10;1 package is discontinued.&#10;43 packages have newer versions incompatible with dependency constraints.&#10;Try `flutter pub outdated` for more information.&#10;Running Gradle task &apos;assembleRelease&apos;...                        &#10;Target aot_android_asset_bundle failed: IconTreeShakerException: ConstFinder failure: Unhandled exception:&#10;Bad state: Empty input given.&#10;#0      BinaryBuilder._checkEmptyInput (package:kernel/binary/ast_from_binary.dart:646:29)&#10;#1      BinaryBuilder._verifyComponentInitialBytes (package:kernel/binary/ast_from_binary.dart:854:5)&#10;#2      BinaryBuilder.readComponent.&lt;anonymous closure&gt; (package:kernel/binary/ast_from_binary.dart:692:7)&#10;#3      Timeline.timeSync (dart:developer/timeline.dart:188:22)&#10;#4      BinaryBuilder.readComponent (package:kernel/binary/ast_from_binary.dart:690:21)&#10;#5      loadComponentFromBytes (package:kernel/kernel.dart:33:28)&#10;#6      loadComponentFromBinary (package:kernel/kernel.dart:28:10)&#10;#7      ConstFinder.findInstances (package:kernel/const_finder.dart:207:12)&#10;#8      main (file:///C:/b/s/w/ir/cache/builder/engine/src/flutter/tools/const_finder/bin/main.dart:114:41)&#10;#9      _delayEntrypointInvocation.&lt;anonymous closure&gt; (dart:isolate-patch/isolate_patch.dart:312:33)&#10;#10     _RawReceivePort._handleMessage (dart:isolate-patch/isolate_patch.dart:193:12)&#10;&#10;&#10;To disable icon tree shaking, pass --no-tree-shake-icons to the requested flutter build command&#10;&#10;&#10;FAILURE: Build failed with an exception.&#10;&#10;* What went wrong:&#10;Execution failed for task &apos;:app:compileFlutterBuildRelease&apos;.&#10;&gt; Process &apos;command &apos;D:\flutter_windows\flutter\bin\flutter.bat&apos;&apos; finished with non-zero exit value 1&#10;&#10;* Try:&#10;&gt; Run with --stacktrace option to get the stack trace.&#10;&gt; Run with --info or --debug option to get more log output.&#10;&gt; Run with --scan to get full insights.&#10;&gt; Get more help at https://help.gradle.org.&#10;&#10;BUILD FAILED in 1m 55s&#10;Running Gradle task &apos;assembleRelease&apos;...                          116.5s&#10;Gradle task assembleRelease failed with exit code 1&#10;" />
        
      </testcase>
    
  </testsuite>
</testsuites>
